Unity Editor version:    2020.3.18f1 (a7d1c678663c)
Branch:                  2020.3/staging
Build type:              Release
Batch mode:              YES
macOS version:           Version 12.0.1 (Build 21A559)
Darwin version:          21.1.0
Architecture:            x86_64
Running under Rosetta:   NO
Available memory:        16384 MB
Using pre-set license
Pro License: NO

COMMAND LINE ARGUMENTS:
/Applications/Unity/Hub/Editor/2020.3.18f1/Unity.app/Contents/MacOS/Unity
-adb2
-batchMode
-noUpm
-name
AssetImportWorker0
-projectPath
/Users/sergipaz/Desktop/Unity/3DClasse
-logFile
Logs/AssetImportWorker0.log
-srvPort
49552
Successfully changed project path to: /Users/sergipaz/Desktop/Unity/3DClasse
/Users/sergipaz/Desktop/Unity/3DClasse
Using Asset Import Pipeline V2.
Refreshing native plugins compatible for Editor in 27.80 ms, found 2 plugins.
Preloading 0 native plugins for Editor in 0.00 ms.
Initialize engine version: 2020.3.18f1 (a7d1c678663c)
[Subsystems] Discovering subsystems at path /Applications/Unity/Hub/Editor/2020.3.18f1/Unity.app/Contents/Resources/UnitySubsystems
[Subsystems] Discovering subsystems at path /Users/sergipaz/Desktop/Unity/3DClasse/Assets
GfxDevice: creating device client; threaded=0
2021-11-04 16:01:50.425 Unity[2217:41096] Color LCD preferred device: AMD Radeon Pro 5300M (high power)
2021-11-04 16:01:50.425 Unity[2217:41096] Metal devices available: 2
2021-11-04 16:01:50.425 Unity[2217:41096] 0: AMD Radeon Pro 5300M (high power)
2021-11-04 16:01:50.425 Unity[2217:41096] 1: Intel(R) UHD Graphics 630 (low power)
2021-11-04 16:01:50.426 Unity[2217:41096] Using device AMD Radeon Pro 5300M (high power)
Initializing Metal device caps: AMD Radeon Pro 5300M
Initialize mono
Mono path[0] = '/Applications/Unity/Hub/Editor/2020.3.18f1/Unity.app/Contents/Managed'
Mono path[1] = '/Applications/Unity/Hub/Editor/2020.3.18f1/Unity.app/Contents/MonoBleedingEdge/lib/mono/unityjit'
Mono config path = '/Applications/Unity/Hub/Editor/2020.3.18f1/Unity.app/Contents/MonoBleedingEdge/etc'
Using monoOptions --debugger-agent=transport=dt_socket,embedding=1,server=y,suspend=n,address=127.0.0.1:56217
Begin MonoManager ReloadAssembly
Registering precompiled unity dll's ...
Register platform support module: /Applications/Unity/Hub/Editor/2020.3.18f1/Unity.app/Contents/PlaybackEngines/MacStandaloneSupport/UnityEditor.OSXStandalone.Extensions.dll
Registered in 0.000478 seconds.
Native extension for OSXStandalone target not found
Refreshing native plugins compatible for Editor in 23.60 ms, found 2 plugins.
Preloading 0 native plugins for Editor in 0.00 ms.
Mono: successfully reloaded assembly
- Completed reload, in  3.265 seconds
Domain Reload Profiling:
	ReloadAssembly (3265ms)
		BeginReloadAssembly (42ms)
			ExecutionOrderSort (0ms)
			DisableScriptedObjects (0ms)
			BackupInstance (0ms)
			ReleaseScriptingObjects (0ms)
			CreateAndSetChildDomain (1ms)
		EndReloadAssembly (415ms)
			LoadAssemblies (41ms)
			RebuildTransferFunctionScriptingTraits (0ms)
			SetupTypeCache (164ms)
			ReleaseScriptCaches (0ms)
			RebuildScriptCaches (33ms)
			SetupLoadedEditorAssemblies (171ms)
				LogAssemblyErrors (0ms)
				InitializePlatformSupportModulesInManaged (3ms)
				SetLoadedEditorAssemblies (0ms)
				RefreshPlugins (24ms)
				BeforeProcessingInitializeOnLoad (23ms)
				ProcessInitializeOnLoadAttributes (93ms)
				ProcessInitializeOnLoadMethodAttributes (27ms)
				AfterProcessingInitializeOnLoad (0ms)
				EditorAssembliesLoaded (0ms)
			ExecutionOrderSort2 (0ms)
			AwakeInstancesAfterBackupRestoration (0ms)
Platform modules already initialized, skipping
Registering precompiled user dll's ...
Registered in 0.001055 seconds.
Begin MonoManager ReloadAssembly
Native extension for OSXStandalone target not found
Refreshing native plugins compatible for Editor in 0.28 ms, found 2 plugins.
Preloading 0 native plugins for Editor in 0.00 ms.
Mono: successfully reloaded assembly
- Completed reload, in  0.988 seconds
Domain Reload Profiling:
	ReloadAssembly (989ms)
		BeginReloadAssembly (139ms)
			ExecutionOrderSort (0ms)
			DisableScriptedObjects (4ms)
			BackupInstance (0ms)
			ReleaseScriptingObjects (0ms)
			CreateAndSetChildDomain (21ms)
		EndReloadAssembly (790ms)
			LoadAssemblies (72ms)
			RebuildTransferFunctionScriptingTraits (0ms)
			SetupTypeCache (288ms)
			ReleaseScriptCaches (0ms)
			RebuildScriptCaches (49ms)
			SetupLoadedEditorAssemblies (275ms)
				LogAssemblyErrors (0ms)
				InitializePlatformSupportModulesInManaged (5ms)
				SetLoadedEditorAssemblies (0ms)
				RefreshPlugins (0ms)
				BeforeProcessingInitializeOnLoad (65ms)
				ProcessInitializeOnLoadAttributes (198ms)
				ProcessInitializeOnLoadMethodAttributes (4ms)
				AfterProcessingInitializeOnLoad (1ms)
				EditorAssembliesLoaded (0ms)
			ExecutionOrderSort2 (0ms)
			AwakeInstancesAfterBackupRestoration (7ms)
Platform modules already initialized, skipping
Validating Project structure ... 0.000119 seconds.
Shader import version has changed; will reimport all shaders...
Upgrading shader files ...0.000154 seconds.
Application.AssetDatabase Initial Script Refresh Start
RefreshInfo: InitialScriptRefreshV2(NoUpdateAssetOptions) scanfilter:  ... 1 filters
RefreshProfiler: Total: 0.000ms
Application.AssetDatabase Initial Script Refresh End
Application.AssetDatabase.Refresh Start
Application.AssetDatabase.Refresh End
RefreshInfo: StopAssetImportingV2(ForceSynchronousImport) scanfilter: 
RefreshProfiler: Total: 0.000ms
Launching external process: /Applications/Unity/Hub/Editor/2020.3.18f1/Unity.app/Contents/Tools/UnityShaderCompiler
Launched and connected shader compiler UnityShaderCompiler after 0.01 seconds
Initializing Unity extensions:
2021-11-04 16:01:55.184 Unity[2217:41096] NSEventModifierFlagFunction specified to -setKeyEquivalentModifierMask: for item <NSMenuItem: 0x600002ffd960 Font Asset, ke='Command-F12'>, but is only supported for system-provided menu items; will not be used
2021-11-04 16:01:55.188 Unity[2217:41096] NSEventModifierFlagFunction specified to -setKeyEquivalentModifierMask: for item <NSMenuItem: 0x600002fecfc0 Font Asset, ke='Command-F12'>, but is only supported for system-provided menu items; will not be used
========================================================================
Worker process is ready to serve import requests
Refreshing native plugins compatible for Editor in 0.21 ms, found 2 plugins.
Preloading 0 native plugins for Editor in 0.00 ms.
Unloading 1397 Unused Serialized files (Serialized files now loaded: 0)
System memory in use before: 194.0 MB.
System memory in use after: 193.2 MB.

Unloading 77 unused Assets to reduce memory usage. Loaded Objects now: 1871.
Total: 3.159731 ms (FindLiveObjects: 0.132195 ms CreateObjectMapping: 0.042243 ms MarkObjects: 2.515979 ms  DeleteObjects: 0.468636 ms)

AssetImportParameters requested are different than current active one (requested -> active):
  custom:video-decoder-ogg-theora: a1e56fd34408186e4bbccfd4996cb3dc -> 
  custom:container-muxer-webm: aa71ff27fc2769a1b78a27578f13a17b -> 
  custom:container-demuxer-webm: 4f35f7cbe854078d1ac9338744f61a02 -> 
  custom:container-demuxer-ogg: 62fdf1f143b41e24485cea50d1cbac27 -> 
  custom:video-encoder-webm-vp8: eb34c28f22e8b96e1ab97ce403110664 -> 
  custom:framework-osx-AVFoundation: e770b220cccbd017edd2c1fefb359320 -> 
  custom:video-decoder-webm-vp8: 9c59270c3fd7afecdb556c50c9e8de78 -> 
  custom:audio-decoder-ogg-vorbis: bf7c407c2cedff20999df2af8eb42d56 -> 
  custom:audio-encoder-webm-vorbis: bf7c407c2cedff20999df2af8eb42d56 -> 
========================================================================
Received Import Request.
  path: Assets/Scripts
  artifactKey: Guid(90d566494eeec44b0b8be74ad6b454a6) Importer(815301076,1909f56bfc062723c751e8b465ee728b)
Start importing Assets/Scripts using Guid(90d566494eeec44b0b8be74ad6b454a6) Importer(815301076,1909f56bfc062723c751e8b465ee728b)  -> (artifact id: 'abe6f45f2edfd764bad90b654a2b4128') in 0.004265 seconds 
  Import took 0.006287 seconds .

========================================================================
Received Import Request.
  Time since last request: 4.533040 seconds.
  path: Assets/Sprites
  artifactKey: Guid(e604ac996c6ff4ae592f4b5f23a98fe3) Importer(815301076,1909f56bfc062723c751e8b465ee728b)
Start importing Assets/Sprites using Guid(e604ac996c6ff4ae592f4b5f23a98fe3) Importer(815301076,1909f56bfc062723c751e8b465ee728b)  -> (artifact id: 'ca5e3c119f34412d20c83c135cf941ff') in 0.001594 seconds 
  Import took 0.004063 seconds .

========================================================================
Received Import Request.
  Time since last request: 4.858086 seconds.
  path: Assets/Music
  artifactKey: Guid(68a4012a5801047759c1535ff25f21e2) Importer(815301076,1909f56bfc062723c751e8b465ee728b)
Start importing Assets/Music using Guid(68a4012a5801047759c1535ff25f21e2) Importer(815301076,1909f56bfc062723c751e8b465ee728b)  -> (artifact id: '8080b5b61c9bb29e89833789d936d63c') in 0.001448 seconds 
  Import took 0.003714 seconds .

========================================================================
Received Import Request.
  Time since last request: 3.886791 seconds.
  path: Assets/Animation
  artifactKey: Guid(9112fff7b632c4a0f859ba5656e2f05a) Importer(815301076,1909f56bfc062723c751e8b465ee728b)
Start importing Assets/Animation using Guid(9112fff7b632c4a0f859ba5656e2f05a) Importer(815301076,1909f56bfc062723c751e8b465ee728b)  -> (artifact id: '3d2c76b33399215666364c5061143fa3') in 0.001345 seconds 
  Import took 0.003547 seconds .

========================================================================
Received Import Request.
  Time since last request: 8.659015 seconds.
  path: Assets/PRefab
  artifactKey: Guid(1d95c311fe09540e9b4c43ecd1653732) Importer(815301076,1909f56bfc062723c751e8b465ee728b)
Start importing Assets/PRefab using Guid(1d95c311fe09540e9b4c43ecd1653732) Importer(815301076,1909f56bfc062723c751e8b465ee728b)  -> (artifact id: '7465de646837678f64f8b7dc5456df9f') in 0.001678 seconds 
  Import took 0.003811 seconds .

========================================================================
Received Import Request.
  Time since last request: 5.675134 seconds.
  path: Assets/Prefabs
  artifactKey: Guid(1d95c311fe09540e9b4c43ecd1653732) Importer(815301076,1909f56bfc062723c751e8b465ee728b)
Start importing Assets/Prefabs using Guid(1d95c311fe09540e9b4c43ecd1653732) Importer(815301076,1909f56bfc062723c751e8b465ee728b)  -> (artifact id: 'ac7c4a6ca426c8704d82b02946937f1d') in 0.000838 seconds 
  Import took 0.002929 seconds .

AssetImportWorkerClient::OnTransportError - code=2 error=End of file
